[2019-05-10T15:34:46.693] [INFO] default - Connected to mongodb://localhost:27017/test successfully
[2019-05-10T15:35:22.810] [INFO] default - get login req: {"email":"atmoio.system@gmail.com","password":"yuemachi"}
[2019-05-10T15:35:44.295] [INFO] default - get login req: {"email":"atmoio.system@gmail.com","password":"IloveCatYueMachi520"}
[2019-05-10T15:37:09.350] [INFO] default - Connected to mongodb://localhost:27017/test successfully
[2019-05-10T15:39:24.045] [INFO] default - running at port 5000
[2019-05-10T15:39:25.077] [INFO] default - Connected to mongodb://localhost:27017/test successfully
[2019-05-10T15:40:38.391] [INFO] default - running at port 5000
[2019-05-10T15:40:39.422] [INFO] default - Connected to mongodb://localhost:27017/test successfully
[2019-05-10T15:40:40.447] [INFO] default - DB has initialized!
[2019-05-10T15:41:36.678] [INFO] default - running at port 5000
[2019-05-10T15:41:37.712] [INFO] default - Connected to mongodb://localhost:27017/test successfully
[2019-05-10T15:41:38.745] [ERROR] default - DB Initialize fail. Please check DB connection. Reason: TypeError: Cannot read property 'info' of undefined
[2019-05-10T15:42:20.068] [INFO] default - running at port 5000
[2019-05-10T15:42:21.105] [INFO] default - Connected to mongodb://localhost:27017/test successfully
[2019-05-10T15:43:24.931] [INFO] default - running at port 5000
[2019-05-10T15:43:25.967] [INFO] default - Connected to mongodb://localhost:27017/test successfully
[2019-05-10T15:43:31.820] [INFO] default - running at port 5000
[2019-05-10T15:43:32.852] [INFO] default - Connected to mongodb://localhost:27017/test successfully
[2019-05-10T15:44:43.737] [INFO] default - running at port 5000
[2019-05-10T15:44:44.772] [INFO] default - Connected to mongodb://localhost:27017/test successfully
[2019-05-10T15:44:54.575] [INFO] default - running at port 5000
[2019-05-10T15:44:55.610] [INFO] default - Connected to mongodb://localhost:27017/test successfully
[2019-05-10T15:44:55.612] [INFO] default - Start adding initial admin to DB
[2019-05-10T15:47:45.123] [INFO] default - running at port 5000
[2019-05-10T15:47:46.155] [INFO] default - Connected to mongodb://localhost:27017/test successfully
[2019-05-10T15:47:46.156] [INFO] default - Start adding initial admin to DB
[2019-05-10T15:47:47.184] [INFO] default - atmoio.system@gmail.com already exit in DB, skip it.
[2019-05-10T15:47:47.194] [INFO] default - atmoio.system2@gmail.com already exit in DB, skip it.
[2019-05-10T15:47:47.194] [INFO] default - DB has initialized!
[2019-05-10T15:48:08.841] [INFO] default - running at port 5000
[2019-05-10T15:48:09.871] [INFO] default - Connected to mongodb://localhost:27017/test successfully
[2019-05-10T15:48:09.872] [INFO] default - Start adding initial admin to DB
[2019-05-10T15:48:10.895] [INFO] default - atmoio.system@gmail.com already exit in DB, skip it.
[2019-05-10T15:48:10.899] [INFO] default - atmoio.system2@gmail.com already exit in DB, skip it.
[2019-05-10T15:48:10.899] [INFO] default - DB has initialized!
[2019-05-10T15:49:35.193] [INFO] default - running at port 5000
[2019-05-10T15:49:36.225] [INFO] default - Connected to mongodb://localhost:27017/test successfully
[2019-05-10T15:49:36.227] [INFO] default - Start adding initial admin to DB
[2019-05-10T15:49:37.255] [INFO] default - atmoio.system@gmail.com already existed in DB, skip it.
[2019-05-10T15:49:37.259] [INFO] default - atmoio.system2@gmail.com already existed in DB, skip it.
[2019-05-10T15:49:37.259] [INFO] default - DB has initialized!
[2019-05-10T15:51:00.848] [INFO] ATMO - running at port 5000
[2019-05-10T15:51:01.877] [INFO] ATMO - Connected to mongodb://localhost:27017/test successfully
[2019-05-10T15:51:01.879] [INFO] ATMO - Start adding initial admin to DB
[2019-05-10T15:51:02.909] [INFO] ATMO - atmoio.system@gmail.com already existed in DB, skip it.
[2019-05-10T15:51:02.913] [INFO] ATMO - atmoio.system2@gmail.com already existed in DB, skip it.
[2019-05-10T15:51:02.913] [INFO] ATMO - DB has initialized!
[2019-05-10T15:52:06.339] [INFO] ATMO - get login req: {"email":"atmoio.system@gmail.com","password":"IloveCatYueMachi520"}
[2019-05-10T15:52:45.565] [INFO] ATMO - running at port 5000
[2019-05-10T15:52:46.589] [ERROR] ATMO - Can not connect to mongodb://localhost:27017/test, reason: MongoNetworkError: write ECONNABORTED
[2019-05-10T15:55:23.320] [INFO] ATMO - running at port 5000
[2019-05-10T15:55:24.371] [INFO] ATMO - Connected to mongodb://localhost:27017/test successfully
[2019-05-10T15:55:24.373] [INFO] ATMO - Start adding initial admin to DB
[2019-05-10T15:55:25.407] [INFO] ATMO - atmoio.system@gmail.com already existed in DB, skip it.
[2019-05-10T15:55:25.411] [INFO] ATMO - atmoio.system2@gmail.com already existed in DB, skip it.
[2019-05-10T15:55:25.412] [INFO] ATMO - DB has initialized!
[2019-05-10T15:56:45.621] [INFO] ATMO - running at port 5000
[2019-05-10T15:56:46.650] [INFO] ATMO - Connected to mongodb://localhost:27017/test successfully
[2019-05-10T15:57:20.729] [INFO] ATMO - running at port 5000
[2019-05-10T15:57:21.767] [INFO] ATMO - Connected to mongodb://localhost:27017/test successfully
[2019-05-10T15:57:43.131] [INFO] ATMO - running at port 5000
[2019-05-10T15:57:44.164] [INFO] ATMO - Connected to mongodb://localhost:27017/test successfully
[2019-05-10T15:57:44.165] [INFO] ATMO - Start adding initial admin to DB
[2019-05-10T15:57:45.191] [INFO] ATMO - atmoio.system@gmail.com already existed in DB, skip it.
[2019-05-10T15:57:45.195] [INFO] ATMO - atmoio.system2@gmail.com already existed in DB, skip it.
[2019-05-10T15:57:45.196] [INFO] ATMO - DB has initialized!
[2019-05-10T15:58:00.654] [INFO] ATMO - running at port 5000
[2019-05-10T15:58:01.689] [INFO] ATMO - Connected to mongodb://localhost:27017/test successfully
[2019-05-10T15:58:01.690] [INFO] ATMO - Start adding initial admin to DB
[2019-05-10T15:58:02.715] [INFO] ATMO - atmoio.system@gmail.com already existed in DB, skip it.
[2019-05-10T15:58:02.719] [INFO] ATMO - atmoio.system2@gmail.com already existed in DB, skip it.
[2019-05-10T15:58:02.720] [INFO] ATMO - DB has initialized!
[2019-05-10T15:58:19.372] [INFO] ATMO - running at port 5000
[2019-05-10T15:58:20.405] [INFO] ATMO - Connected to mongodb://localhost:27017/test successfully
[2019-05-10T15:58:20.407] [INFO] ATMO - Start adding initial admin to DB
[2019-05-10T15:58:21.436] [INFO] ATMO - atmoio.system@gmail.com already existed in DB, skip it.
[2019-05-10T15:58:21.441] [INFO] ATMO - atmoio.system2@gmail.com already existed in DB, skip it.
[2019-05-10T15:58:21.442] [INFO] ATMO - DB has initialized!
[32m[2019-05-10 16:03:16.852] [INFO] ATMO -[39m running at port 5000
[32m[2019-05-10 16:03:17.886] [INFO] ATMO -[39m Connected to mongodb://localhost:27017/test successfully
[32m[2019-05-10 16:03:17.887] [INFO] ATMO -[39m Start adding initial admin to DB
[32m[2019-05-10 16:03:18.911] [INFO] ATMO -[39m atmoio.system@gmail.com already existed in DB, skip it.
[32m[2019-05-10 16:03:18.916] [INFO] ATMO -[39m atmoio.system2@gmail.com already existed in DB, skip it.
[32m[2019-05-10 16:03:18.917] [INFO] ATMO -[39m DB has initialized!
[2019-05-10T16:05:50.431] [INFO] ATMO - running at port 5000
[2019-05-10T16:05:51.463] [INFO] ATMO - Connected to mongodb://localhost:27017/test successfully
[2019-05-10T16:05:51.464] [INFO] ATMO - Start adding initial admin to DB
[2019-05-10T16:05:52.491] [INFO] ATMO - atmoio.system@gmail.com already existed in DB, skip it.
[2019-05-10T16:05:52.495] [INFO] ATMO - atmoio.system2@gmail.com already existed in DB, skip it.
[2019-05-10T16:05:52.496] [INFO] ATMO - DB has initialized!
[32m[2019-05-10 16:06:29.442] [INFO] ATMO -[39m running at port 5000
[32m[2019-05-10 16:06:30.478] [INFO] ATMO -[39m Connected to mongodb://localhost:27017/test successfully
[32m[2019-05-10 16:06:30.480] [INFO] ATMO -[39m Start adding initial admin to DB
[32m[2019-05-10 16:06:31.512] [INFO] ATMO -[39m atmoio.system@gmail.com already existed in DB, skip it.
[32m[2019-05-10 16:06:31.516] [INFO] ATMO -[39m atmoio.system2@gmail.com already existed in DB, skip it.
[32m[2019-05-10 16:06:31.517] [INFO] ATMO -[39m DB has initialized!
[32m[2019-05-10 16:06:37.995] [INFO] ATMO -[39m running at port 5000
[32m[2019-05-10 16:06:39.024] [INFO] ATMO -[39m Connected to mongodb://localhost:27017/test successfully
[32m[2019-05-10 16:06:39.026] [INFO] ATMO -[39m Start adding initial admin to DB
[32m[2019-05-10 16:06:40.051] [INFO] ATMO -[39m atmoio.system@gmail.com already existed in DB, skip it.
[32m[2019-05-10 16:06:40.055] [INFO] ATMO -[39m atmoio.system2@gmail.com already existed in DB, skip it.
[32m[2019-05-10 16:06:40.056] [INFO] ATMO -[39m DB has initialized!
[32m[2019-05-10 16:06:50.205] [INFO] ATMO -[39m running at port 5000
[32m[2019-05-10 16:06:51.233] [INFO] ATMO -[39m Connected to mongodb://localhost:27017/test successfully
[32m[2019-05-10 16:06:51.234] [INFO] ATMO -[39m Start adding initial admin to DB
[32m[2019-05-10 16:06:52.262] [INFO] ATMO -[39m atmoio.system@gmail.com already existed in DB, skip it.
[32m[2019-05-10 16:06:52.267] [INFO] ATMO -[39m atmoio.system2@gmail.com already existed in DB, skip it.
[32m[2019-05-10 16:06:52.267] [INFO] ATMO -[39m DB has initialized!
[2019-05-10 16:10:15.181] [INFO] ATMO  running at port 5000
[2019-05-10 16:10:16.210] [INFO] ATMO  Connected to mongodb://localhost:27017/test successfully
[2019-05-10 16:10:16.212] [INFO] ATMO  Start adding initial admin to DB
[2019-05-10 16:10:17.242] [INFO] ATMO  atmoio.system@gmail.com already existed in DB, skip it.
[2019-05-10 16:10:17.250] [INFO] ATMO  atmoio.system2@gmail.com already existed in DB, skip it.
[2019-05-10 16:10:17.251] [INFO] ATMO  DB has initialized!
[[2019-05-10 16:10:45.281] [INFO] ATMO - running at port 5000
[[2019-05-10 16:10:46.313] [INFO] ATMO - Connected to mongodb://localhost:27017/test successfully
[[2019-05-10 16:10:46.314] [INFO] ATMO - Start adding initial admin to DB
[[2019-05-10 16:10:47.348] [INFO] ATMO - atmoio.system@gmail.com already existed in DB, skip it.
[[2019-05-10 16:10:47.351] [INFO] ATMO - atmoio.system2@gmail.com already existed in DB, skip it.
[[2019-05-10 16:10:47.352] [INFO] ATMO - DB has initialized!
[2019-05-10 16:11:05.002] [INFO] ATMO - running at port 5000
[2019-05-10 16:11:06.036] [INFO] ATMO - Connected to mongodb://localhost:27017/test successfully
[2019-05-10 16:11:06.038] [INFO] ATMO - Start adding initial admin to DB
[2019-05-10 16:11:07.066] [INFO] ATMO - atmoio.system@gmail.com already existed in DB, skip it.
[2019-05-10 16:11:07.072] [INFO] ATMO - atmoio.system2@gmail.com already existed in DB, skip it.
[2019-05-10 16:11:07.074] [INFO] ATMO - DB has initialized!
[2019-05-10 16:29:22.395] [INFO] ATMO - running at port 5000
[2019-05-10 16:29:23.429] [INFO] ATMO - Connected to mongodb://localhost:27017/test successfully
[2019-05-10 16:29:23.430] [INFO] ATMO - Start adding initial admin to DB
[2019-05-10 16:29:24.459] [INFO] ATMO - atmoio.system@gmail.com already existed in DB, skip it.
[2019-05-10 16:29:24.463] [INFO] ATMO - atmoio.system2@gmail.com already existed in DB, skip it.
[2019-05-10 16:29:24.463] [INFO] ATMO - DB has initialized!
[2019-05-10 16:29:28.955] [INFO] ATMO - get login req: {"email":"atmoio.system@gmail.com","password":"IloveCatYueMachi520"}
[2019-05-10 16:30:54.876] [INFO] ATMO - running at port 5000
[2019-05-10 16:30:55.914] [INFO] ATMO - Connected to mongodb://localhost:27017/test successfully
[2019-05-10 16:30:55.916] [INFO] ATMO - Start adding initial admin to DB
[2019-05-10 16:30:56.939] [INFO] ATMO - atmoio.system@gmail.com already existed in DB, skip it.
[2019-05-10 16:30:56.943] [INFO] ATMO - atmoio.system2@gmail.com already existed in DB, skip it.
[2019-05-10 16:30:56.944] [INFO] ATMO - DB has initialized!
[2019-05-10 16:31:00.248] [INFO] ATMO - get login req: "atmoio.system@gmail.com"
[2019-05-10 16:31:34.281] [INFO] ATMO - running at port 5000
[2019-05-10 16:31:35.319] [INFO] ATMO - Connected to mongodb://localhost:27017/test successfully
[2019-05-10 16:31:35.320] [INFO] ATMO - Start adding initial admin to DB
[2019-05-10 16:31:36.349] [INFO] ATMO - atmoio.system@gmail.com already existed in DB, skip it.
[2019-05-10 16:31:36.355] [INFO] ATMO - atmoio.system2@gmail.com already existed in DB, skip it.
[2019-05-10 16:31:36.356] [INFO] ATMO - DB has initialized!
[2019-05-10 16:31:37.647] [INFO] ATMO - get login reqeust -  email:"atmoio.system@gmail.com"
[2019-05-10 16:31:50.265] [INFO] ATMO - running at port 5000
[2019-05-10 16:31:51.296] [INFO] ATMO - Connected to mongodb://localhost:27017/test successfully
[2019-05-10 16:31:51.298] [INFO] ATMO - Start adding initial admin to DB
